2017-05-23 07:40:05 Error: [Cake\Routing\Exception\MissingControllerException] Controller class Users could not be found.
Exception Attributes: array (
  'class' => 'Users',
  'plugin' => false,
  'prefix' => false,
  '_ext' => false,
)
Request URL: /users
Stack Trace:
#0 C:\Program Files (x86)\Ampps\www\jejarigebu\vendor\cakephp\cakephp\src\Http\ControllerFactory.php(70): Cake\Http\ControllerFactory->missingController(Object(Cake\Http\ServerRequest))
#1 C:\Program Files (x86)\Ampps\www\jejarigebu\vendor\cakephp\cakephp\src\Http\ActionDispatcher.php(90): Cake\Http\ControllerFactory->create(Object(Cake\Http\ServerRequest), Object(Cake\Http\Response))
#2 C:\Program Files (x86)\Ampps\www\jejarigebu\vendor\cakephp\cakephp\src\Http\BaseApplication.php(78): Cake\Http\ActionDispatcher->dispatch(Object(Cake\Http\ServerRequest), Object(Cake\Http\Response))
#3 C:\Program Files (x86)\Ampps\www\jejarigebu\vendor\cakephp\cakephp\src\Http\Runner.php(65): Cake\Http\BaseApplication->__invoke(Object(Cake\Http\ServerRequest), Object(Cake\Http\Response), Object(Cake\Http\Runner))
#4 C:\Program Files (x86)\Ampps\www\jejarigebu\vendor\cakephp\cakephp\src\Routing\Middleware\RoutingMiddleware.php(59): Cake\Http\Runner->__invoke(Object(Cake\Http\ServerRequest), Object(Cake\Http\Response))
#5 C:\Program Files (x86)\Ampps\www\jejarigebu\vendor\cakephp\cakephp\src\Http\Runner.php(65): Cake\Routing\Middleware\RoutingMiddleware->__invoke(Object(Cake\Http\ServerRequest), Object(Cake\Http\Response), Object(Cake\Http\Runner))
#6 C:\Program Files (x86)\Ampps\www\jejarigebu\vendor\cakephp\cakephp\src\Routing\Middleware\AssetMiddleware.php(88): Cake\Http\Runner->__invoke(Object(Cake\Http\ServerRequest), Object(Cake\Http\Response))
#7 C:\Program Files (x86)\Ampps\www\jejarigebu\vendor\cakephp\cakephp\src\Http\Runner.php(65): Cake\Routing\Middleware\AssetMiddleware->__invoke(Object(Cake\Http\ServerRequest), Object(Cake\Http\Response), Object(Cake\Http\Runner))
#8 C:\Program Files (x86)\Ampps\www\jejarigebu\vendor\cakephp\cakephp\src\Error\Middleware\ErrorHandlerMiddleware.php(92): Cake\Http\Runner->__invoke(Object(Cake\Http\ServerRequest), Object(Cake\Http\Response))
#9 C:\Program Files (x86)\Ampps\www\jejarigebu\vendor\cakephp\cakephp\src\Http\Runner.php(65): Cake\Error\Middleware\ErrorHandlerMiddleware->__invoke(Object(Cake\Http\ServerRequest), Object(Cake\Http\Response), Object(Cake\Http\Runner))
#10 C:\Program Files (x86)\Ampps\www\jejarigebu\vendor\cakephp\debug_kit\src\Middleware\DebugKitMiddleware.php(52): Cake\Http\Runner->__invoke(Object(Cake\Http\ServerRequest), Object(Cake\Http\Response))
#11 C:\Program Files (x86)\Ampps\www\jejarigebu\vendor\cakephp\cakephp\src\Http\Runner.php(65): DebugKit\Middleware\DebugKitMiddleware->__invoke(Object(Cake\Http\ServerRequest), Object(Cake\Http\Response), Object(Cake\Http\Runner))
#12 C:\Program Files (x86)\Ampps\www\jejarigebu\vendor\cakephp\cakephp\src\Http\Runner.php(51): Cake\Http\Runner->__invoke(Object(Cake\Http\ServerRequest), Object(Cake\Http\Response))
#13 C:\Program Files (x86)\Ampps\www\jejarigebu\vendor\cakephp\cakephp\src\Http\Server.php(80): Cake\Http\Runner->run(Object(Cake\Http\MiddlewareQueue), Object(Cake\Http\ServerRequest), Object(Cake\Http\Response))
#14 C:\Program Files (x86)\Ampps\www\jejarigebu\webroot\index.php(37): Cake\Http\Server->run()
#15 {main}


2017-05-23 08:01:42 Error: [ParseError] syntax error, unexpected '{', expecting function (T_FUNCTION) in C:\Program Files (x86)\Ampps\www\jejarigebu\src\Controller\UsersController.php on line 7
Request URL: /users
Stack Trace:
#0 C:\Program Files (x86)\Ampps\www\jejarigebu\vendor\composer\ClassLoader.php(322): Composer\Autoload\includeFile('C:\\Program File...')
#1 [internal function]: Composer\Autoload\ClassLoader->loadClass('App\\Controller\\...')
#2 [internal function]: spl_autoload_call('App\\Controller\\...')
#3 C:\Program Files (x86)\Ampps\www\jejarigebu\vendor\cakephp\cakephp\src\Core\App.php(152): class_exists('App\\Controller\\...')
#4 C:\Program Files (x86)\Ampps\www\jejarigebu\vendor\cakephp\cakephp\src\Core\App.php(64): Cake\Core\App::_classExistsInBase('\\Controller\\Use...', 'App')
#5 C:\Program Files (x86)\Ampps\www\jejarigebu\vendor\cakephp\cakephp\src\Http\ControllerFactory.php(68): Cake\Core\App::className('Users', 'Controller', 'Controller')
#6 C:\Program Files (x86)\Ampps\www\jejarigebu\vendor\cakephp\cakephp\src\Http\ActionDispatcher.php(90): Cake\Http\ControllerFactory->create(Object(Cake\Http\ServerRequest), Object(Cake\Http\Response))
#7 C:\Program Files (x86)\Ampps\www\jejarigebu\vendor\cakephp\cakephp\src\Http\BaseApplication.php(78): Cake\Http\ActionDispatcher->dispatch(Object(Cake\Http\ServerRequest), Object(Cake\Http\Response))
#8 C:\Program Files (x86)\Ampps\www\jejarigebu\vendor\cakephp\cakephp\src\Http\Runner.php(65): Cake\Http\BaseApplication->__invoke(Object(Cake\Http\ServerRequest), Object(Cake\Http\Response), Object(Cake\Http\Runner))
#9 C:\Program Files (x86)\Ampps\www\jejarigebu\vendor\cakephp\cakephp\src\Routing\Middleware\RoutingMiddleware.php(59): Cake\Http\Runner->__invoke(Object(Cake\Http\ServerRequest), Object(Cake\Http\Response))
#10 C:\Program Files (x86)\Ampps\www\jejarigebu\vendor\cakephp\cakephp\src\Http\Runner.php(65): Cake\Routing\Middleware\RoutingMiddleware->__invoke(Object(Cake\Http\ServerRequest), Object(Cake\Http\Response), Object(Cake\Http\Runner))
#11 C:\Program Files (x86)\Ampps\www\jejarigebu\vendor\cakephp\cakephp\src\Routing\Middleware\AssetMiddleware.php(88): Cake\Http\Runner->__invoke(Object(Cake\Http\ServerRequest), Object(Cake\Http\Response))
#12 C:\Program Files (x86)\Ampps\www\jejarigebu\vendor\cakephp\cakephp\src\Http\Runner.php(65): Cake\Routing\Middleware\AssetMiddleware->__invoke(Object(Cake\Http\ServerRequest), Object(Cake\Http\Response), Object(Cake\Http\Runner))
#13 C:\Program Files (x86)\Ampps\www\jejarigebu\vendor\cakephp\cakephp\src\Error\Middleware\ErrorHandlerMiddleware.php(92): Cake\Http\Runner->__invoke(Object(Cake\Http\ServerRequest), Object(Cake\Http\Response))
#14 C:\Program Files (x86)\Ampps\www\jejarigebu\vendor\cakephp\cakephp\src\Http\Runner.php(65): Cake\Error\Middleware\ErrorHandlerMiddleware->__invoke(Object(Cake\Http\ServerRequest), Object(Cake\Http\Response), Object(Cake\Http\Runner))
#15 C:\Program Files (x86)\Ampps\www\jejarigebu\vendor\cakephp\debug_kit\src\Middleware\DebugKitMiddleware.php(52): Cake\Http\Runner->__invoke(Object(Cake\Http\ServerRequest), Object(Cake\Http\Response))
#16 C:\Program Files (x86)\Ampps\www\jejarigebu\vendor\cakephp\cakephp\src\Http\Runner.php(65): DebugKit\Middleware\DebugKitMiddleware->__invoke(Object(Cake\Http\ServerRequest), Object(Cake\Http\Response), Object(Cake\Http\Runner))
#17 C:\Program Files (x86)\Ampps\www\jejarigebu\vendor\cakephp\cakephp\src\Http\Runner.php(51): Cake\Http\Runner->__invoke(Object(Cake\Http\ServerRequest), Object(Cake\Http\Response))
#18 C:\Program Files (x86)\Ampps\www\jejarigebu\vendor\cakephp\cakephp\src\Http\Server.php(80): Cake\Http\Runner->run(Object(Cake\Http\MiddlewareQueue), Object(Cake\Http\ServerRequest), Object(Cake\Http\Response))
#19 C:\Program Files (x86)\Ampps\www\jejarigebu\webroot\index.php(37): Cake\Http\Server->run()
#20 {main}


2017-05-23 08:02:09 Error: [ParseError] syntax error, unexpected '{', expecting function (T_FUNCTION) in C:\Program Files (x86)\Ampps\www\jejarigebu\src\Controller\UsersController.php on line 7
Request URL: /users/index
Stack Trace:
#0 C:\Program Files (x86)\Ampps\www\jejarigebu\vendor\composer\ClassLoader.php(322): Composer\Autoload\includeFile('C:\\Program File...')
#1 [internal function]: Composer\Autoload\ClassLoader->loadClass('App\\Controller\\...')
#2 [internal function]: spl_autoload_call('App\\Controller\\...')
#3 C:\Program Files (x86)\Ampps\www\jejarigebu\vendor\cakephp\cakephp\src\Core\App.php(152): class_exists('App\\Controller\\...')
#4 C:\Program Files (x86)\Ampps\www\jejarigebu\vendor\cakephp\cakephp\src\Core\App.php(64): Cake\Core\App::_classExistsInBase('\\Controller\\Use...', 'App')
#5 C:\Program Files (x86)\Ampps\www\jejarigebu\vendor\cakephp\cakephp\src\Http\ControllerFactory.php(68): Cake\Core\App::className('Users', 'Controller', 'Controller')
#6 C:\Program Files (x86)\Ampps\www\jejarigebu\vendor\cakephp\cakephp\src\Http\ActionDispatcher.php(90): Cake\Http\ControllerFactory->create(Object(Cake\Http\ServerRequest), Object(Cake\Http\Response))
#7 C:\Program Files (x86)\Ampps\www\jejarigebu\vendor\cakephp\cakephp\src\Http\BaseApplication.php(78): Cake\Http\ActionDispatcher->dispatch(Object(Cake\Http\ServerRequest), Object(Cake\Http\Response))
#8 C:\Program Files (x86)\Ampps\www\jejarigebu\vendor\cakephp\cakephp\src\Http\Runner.php(65): Cake\Http\BaseApplication->__invoke(Object(Cake\Http\ServerRequest), Object(Cake\Http\Response), Object(Cake\Http\Runner))
#9 C:\Program Files (x86)\Ampps\www\jejarigebu\vendor\cakephp\cakephp\src\Routing\Middleware\RoutingMiddleware.php(59): Cake\Http\Runner->__invoke(Object(Cake\Http\ServerRequest), Object(Cake\Http\Response))
#10 C:\Program Files (x86)\Ampps\www\jejarigebu\vendor\cakephp\cakephp\src\Http\Runner.php(65): Cake\Routing\Middleware\RoutingMiddleware->__invoke(Object(Cake\Http\ServerRequest), Object(Cake\Http\Response), Object(Cake\Http\Runner))
#11 C:\Program Files (x86)\Ampps\www\jejarigebu\vendor\cakephp\cakephp\src\Routing\Middleware\AssetMiddleware.php(88): Cake\Http\Runner->__invoke(Object(Cake\Http\ServerRequest), Object(Cake\Http\Response))
#12 C:\Program Files (x86)\Ampps\www\jejarigebu\vendor\cakephp\cakephp\src\Http\Runner.php(65): Cake\Routing\Middleware\AssetMiddleware->__invoke(Object(Cake\Http\ServerRequest), Object(Cake\Http\Response), Object(Cake\Http\Runner))
#13 C:\Program Files (x86)\Ampps\www\jejarigebu\vendor\cakephp\cakephp\src\Error\Middleware\ErrorHandlerMiddleware.php(92): Cake\Http\Runner->__invoke(Object(Cake\Http\ServerRequest), Object(Cake\Http\Response))
#14 C:\Program Files (x86)\Ampps\www\jejarigebu\vendor\cakephp\cakephp\src\Http\Runner.php(65): Cake\Error\Middleware\ErrorHandlerMiddleware->__invoke(Object(Cake\Http\ServerRequest), Object(Cake\Http\Response), Object(Cake\Http\Runner))
#15 C:\Program Files (x86)\Ampps\www\jejarigebu\vendor\cakephp\debug_kit\src\Middleware\DebugKitMiddleware.php(52): Cake\Http\Runner->__invoke(Object(Cake\Http\ServerRequest), Object(Cake\Http\Response))
#16 C:\Program Files (x86)\Ampps\www\jejarigebu\vendor\cakephp\cakephp\src\Http\Runner.php(65): DebugKit\Middleware\DebugKitMiddleware->__invoke(Object(Cake\Http\ServerRequest), Object(Cake\Http\Response), Object(Cake\Http\Runner))
#17 C:\Program Files (x86)\Ampps\www\jejarigebu\vendor\cakephp\cakephp\src\Http\Runner.php(51): Cake\Http\Runner->__invoke(Object(Cake\Http\ServerRequest), Object(Cake\Http\Response))
#18 C:\Program Files (x86)\Ampps\www\jejarigebu\vendor\cakephp\cakephp\src\Http\Server.php(80): Cake\Http\Runner->run(Object(Cake\Http\MiddlewareQueue), Object(Cake\Http\ServerRequest), Object(Cake\Http\Response))
#19 C:\Program Files (x86)\Ampps\www\jejarigebu\webroot\index.php(37): Cake\Http\Server->run()
#20 {main}


2017-05-23 08:02:15 Error: [ParseError] syntax error, unexpected '{', expecting function (T_FUNCTION) in C:\Program Files (x86)\Ampps\www\jejarigebu\src\Controller\UsersController.php on line 7
Request URL: /users/index
Stack Trace:
#0 C:\Program Files (x86)\Ampps\www\jejarigebu\vendor\composer\ClassLoader.php(322): Composer\Autoload\includeFile('C:\\Program File...')
#1 [internal function]: Composer\Autoload\ClassLoader->loadClass('App\\Controller\\...')
#2 [internal function]: spl_autoload_call('App\\Controller\\...')
#3 C:\Program Files (x86)\Ampps\www\jejarigebu\vendor\cakephp\cakephp\src\Core\App.php(152): class_exists('App\\Controller\\...')
#4 C:\Program Files (x86)\Ampps\www\jejarigebu\vendor\cakephp\cakephp\src\Core\App.php(64): Cake\Core\App::_classExistsInBase('\\Controller\\Use...', 'App')
#5 C:\Program Files (x86)\Ampps\www\jejarigebu\vendor\cakephp\cakephp\src\Http\ControllerFactory.php(68): Cake\Core\App::className('Users', 'Controller', 'Controller')
#6 C:\Program Files (x86)\Ampps\www\jejarigebu\vendor\cakephp\cakephp\src\Http\ActionDispatcher.php(90): Cake\Http\ControllerFactory->create(Object(Cake\Http\ServerRequest), Object(Cake\Http\Response))
#7 C:\Program Files (x86)\Ampps\www\jejarigebu\vendor\cakephp\cakephp\src\Http\BaseApplication.php(78): Cake\Http\ActionDispatcher->dispatch(Object(Cake\Http\ServerRequest), Object(Cake\Http\Response))
#8 C:\Program Files (x86)\Ampps\www\jejarigebu\vendor\cakephp\cakephp\src\Http\Runner.php(65): Cake\Http\BaseApplication->__invoke(Object(Cake\Http\ServerRequest), Object(Cake\Http\Response), Object(Cake\Http\Runner))
#9 C:\Program Files (x86)\Ampps\www\jejarigebu\vendor\cakephp\cakephp\src\Routing\Middleware\RoutingMiddleware.php(59): Cake\Http\Runner->__invoke(Object(Cake\Http\ServerRequest), Object(Cake\Http\Response))
#10 C:\Program Files (x86)\Ampps\www\jejarigebu\vendor\cakephp\cakephp\src\Http\Runner.php(65): Cake\Routing\Middleware\RoutingMiddleware->__invoke(Object(Cake\Http\ServerRequest), Object(Cake\Http\Response), Object(Cake\Http\Runner))
#11 C:\Program Files (x86)\Ampps\www\jejarigebu\vendor\cakephp\cakephp\src\Routing\Middleware\AssetMiddleware.php(88): Cake\Http\Runner->__invoke(Object(Cake\Http\ServerRequest), Object(Cake\Http\Response))
#12 C:\Program Files (x86)\Ampps\www\jejarigebu\vendor\cakephp\cakephp\src\Http\Runner.php(65): Cake\Routing\Middleware\AssetMiddleware->__invoke(Object(Cake\Http\ServerRequest), Object(Cake\Http\Response), Object(Cake\Http\Runner))
#13 C:\Program Files (x86)\Ampps\www\jejarigebu\vendor\cakephp\cakephp\src\Error\Middleware\ErrorHandlerMiddleware.php(92): Cake\Http\Runner->__invoke(Object(Cake\Http\ServerRequest), Object(Cake\Http\Response))
#14 C:\Program Files (x86)\Ampps\www\jejarigebu\vendor\cakephp\cakephp\src\Http\Runner.php(65): Cake\Error\Middleware\ErrorHandlerMiddleware->__invoke(Object(Cake\Http\ServerRequest), Object(Cake\Http\Response), Object(Cake\Http\Runner))
#15 C:\Program Files (x86)\Ampps\www\jejarigebu\vendor\cakephp\debug_kit\src\Middleware\DebugKitMiddleware.php(52): Cake\Http\Runner->__invoke(Object(Cake\Http\ServerRequest), Object(Cake\Http\Response))
#16 C:\Program Files (x86)\Ampps\www\jejarigebu\vendor\cakephp\cakephp\src\Http\Runner.php(65): DebugKit\Middleware\DebugKitMiddleware->__invoke(Object(Cake\Http\ServerRequest), Object(Cake\Http\Response), Object(Cake\Http\Runner))
#17 C:\Program Files (x86)\Ampps\www\jejarigebu\vendor\cakephp\cakephp\src\Http\Runner.php(51): Cake\Http\Runner->__invoke(Object(Cake\Http\ServerRequest), Object(Cake\Http\Response))
#18 C:\Program Files (x86)\Ampps\www\jejarigebu\vendor\cakephp\cakephp\src\Http\Server.php(80): Cake\Http\Runner->run(Object(Cake\Http\MiddlewareQueue), Object(Cake\Http\ServerRequest), Object(Cake\Http\Response))
#19 C:\Program Files (x86)\Ampps\www\jejarigebu\webroot\index.php(37): Cake\Http\Server->run()
#20 {main}


2017-05-23 08:03:03 Error: [Cake\View\Exception\MissingTemplateException] Template file "Users\index.ctp" is missing.
Exception Attributes: array (
  'file' => 'Users\\index.ctp',
)
Request URL: /users/index
Stack Trace:
#0 C:\Program Files (x86)\Ampps\www\jejarigebu\vendor\cakephp\cakephp\src\View\View.php(592): Cake\View\View->_getViewFileName('Users\\index')
#1 C:\Program Files (x86)\Ampps\www\jejarigebu\vendor\cakephp\cakephp\src\Controller\Controller.php(623): Cake\View\View->render(NULL, NULL)
#2 C:\Program Files (x86)\Ampps\www\jejarigebu\vendor\cakephp\cakephp\src\Http\ActionDispatcher.php(125): Cake\Controller\Controller->render()
#3 C:\Program Files (x86)\Ampps\www\jejarigebu\vendor\cakephp\cakephp\src\Http\ActionDispatcher.php(93): Cake\Http\ActionDispatcher->_invoke(Object(App\Controller\UsersController))
#4 C:\Program Files (x86)\Ampps\www\jejarigebu\vendor\cakephp\cakephp\src\Http\BaseApplication.php(78): Cake\Http\ActionDispatcher->dispatch(Object(Cake\Http\ServerRequest), Object(Cake\Http\Response))
#5 C:\Program Files (x86)\Ampps\www\jejarigebu\vendor\cakephp\cakephp\src\Http\Runner.php(65): Cake\Http\BaseApplication->__invoke(Object(Cake\Http\ServerRequest), Object(Cake\Http\Response), Object(Cake\Http\Runner))
#6 C:\Program Files (x86)\Ampps\www\jejarigebu\vendor\cakephp\cakephp\src\Routing\Middleware\RoutingMiddleware.php(59): Cake\Http\Runner->__invoke(Object(Cake\Http\ServerRequest), Object(Cake\Http\Response))
#7 C:\Program Files (x86)\Ampps\www\jejarigebu\vendor\cakephp\cakephp\src\Http\Runner.php(65): Cake\Routing\Middleware\RoutingMiddleware->__invoke(Object(Cake\Http\ServerRequest), Object(Cake\Http\Response), Object(Cake\Http\Runner))
#8 C:\Program Files (x86)\Ampps\www\jejarigebu\vendor\cakephp\cakephp\src\Routing\Middleware\AssetMiddleware.php(88): Cake\Http\Runner->__invoke(Object(Cake\Http\ServerRequest), Object(Cake\Http\Response))
#9 C:\Program Files (x86)\Ampps\www\jejarigebu\vendor\cakephp\cakephp\src\Http\Runner.php(65): Cake\Routing\Middleware\AssetMiddleware->__invoke(Object(Cake\Http\ServerRequest), Object(Cake\Http\Response), Object(Cake\Http\Runner))
#10 C:\Program Files (x86)\Ampps\www\jejarigebu\vendor\cakephp\cakephp\src\Error\Middleware\ErrorHandlerMiddleware.php(92): Cake\Http\Runner->__invoke(Object(Cake\Http\ServerRequest), Object(Cake\Http\Response))
#11 C:\Program Files (x86)\Ampps\www\jejarigebu\vendor\cakephp\cakephp\src\Http\Runner.php(65): Cake\Error\Middleware\ErrorHandlerMiddleware->__invoke(Object(Cake\Http\ServerRequest), Object(Cake\Http\Response), Object(Cake\Http\Runner))
#12 C:\Program Files (x86)\Ampps\www\jejarigebu\vendor\cakephp\debug_kit\src\Middleware\DebugKitMiddleware.php(52): Cake\Http\Runner->__invoke(Object(Cake\Http\ServerRequest), Object(Cake\Http\Response))
#13 C:\Program Files (x86)\Ampps\www\jejarigebu\vendor\cakephp\cakephp\src\Http\Runner.php(65): DebugKit\Middleware\DebugKitMiddleware->__invoke(Object(Cake\Http\ServerRequest), Object(Cake\Http\Response), Object(Cake\Http\Runner))
#14 C:\Program Files (x86)\Ampps\www\jejarigebu\vendor\cakephp\cakephp\src\Http\Runner.php(51): Cake\Http\Runner->__invoke(Object(Cake\Http\ServerRequest), Object(Cake\Http\Response))
#15 C:\Program Files (x86)\Ampps\www\jejarigebu\vendor\cakephp\cakephp\src\Http\Server.php(80): Cake\Http\Runner->run(Object(Cake\Http\MiddlewareQueue), Object(Cake\Http\ServerRequest), Object(Cake\Http\Response))
#16 C:\Program Files (x86)\Ampps\www\jejarigebu\webroot\index.php(37): Cake\Http\Server->run()
#17 {main}


2017-05-23 08:09:16 Error: [Cake\View\Exception\MissingTemplateException] Template file "Users\index.ctp" is missing.
Exception Attributes: array (
  'file' => 'Users\\index.ctp',
)
Request URL: /users/index
Stack Trace:
#0 C:\Program Files (x86)\Ampps\www\jejarigebu\vendor\cakephp\cakephp\src\View\View.php(592): Cake\View\View->_getViewFileName('Users\\index')
#1 C:\Program Files (x86)\Ampps\www\jejarigebu\vendor\cakephp\cakephp\src\Controller\Controller.php(623): Cake\View\View->render(NULL, NULL)
#2 C:\Program Files (x86)\Ampps\www\jejarigebu\vendor\cakephp\cakephp\src\Http\ActionDispatcher.php(125): Cake\Controller\Controller->render()
#3 C:\Program Files (x86)\Ampps\www\jejarigebu\vendor\cakephp\cakephp\src\Http\ActionDispatcher.php(93): Cake\Http\ActionDispatcher->_invoke(Object(App\Controller\UsersController))
#4 C:\Program Files (x86)\Ampps\www\jejarigebu\vendor\cakephp\cakephp\src\Http\BaseApplication.php(78): Cake\Http\ActionDispatcher->dispatch(Object(Cake\Http\ServerRequest), Object(Cake\Http\Response))
#5 C:\Program Files (x86)\Ampps\www\jejarigebu\vendor\cakephp\cakephp\src\Http\Runner.php(65): Cake\Http\BaseApplication->__invoke(Object(Cake\Http\ServerRequest), Object(Cake\Http\Response), Object(Cake\Http\Runner))
#6 C:\Program Files (x86)\Ampps\www\jejarigebu\vendor\cakephp\cakephp\src\Routing\Middleware\RoutingMiddleware.php(59): Cake\Http\Runner->__invoke(Object(Cake\Http\ServerRequest), Object(Cake\Http\Response))
#7 C:\Program Files (x86)\Ampps\www\jejarigebu\vendor\cakephp\cakephp\src\Http\Runner.php(65): Cake\Routing\Middleware\RoutingMiddleware->__invoke(Object(Cake\Http\ServerRequest), Object(Cake\Http\Response), Object(Cake\Http\Runner))
#8 C:\Program Files (x86)\Ampps\www\jejarigebu\vendor\cakephp\cakephp\src\Routing\Middleware\AssetMiddleware.php(88): Cake\Http\Runner->__invoke(Object(Cake\Http\ServerRequest), Object(Cake\Http\Response))
#9 C:\Program Files (x86)\Ampps\www\jejarigebu\vendor\cakephp\cakephp\src\Http\Runner.php(65): Cake\Routing\Middleware\AssetMiddleware->__invoke(Object(Cake\Http\ServerRequest), Object(Cake\Http\Response), Object(Cake\Http\Runner))
#10 C:\Program Files (x86)\Ampps\www\jejarigebu\vendor\cakephp\cakephp\src\Error\Middleware\ErrorHandlerMiddleware.php(92): Cake\Http\Runner->__invoke(Object(Cake\Http\ServerRequest), Object(Cake\Http\Response))
#11 C:\Program Files (x86)\Ampps\www\jejarigebu\vendor\cakephp\cakephp\src\Http\Runner.php(65): Cake\Error\Middleware\ErrorHandlerMiddleware->__invoke(Object(Cake\Http\ServerRequest), Object(Cake\Http\Response), Object(Cake\Http\Runner))
#12 C:\Program Files (x86)\Ampps\www\jejarigebu\vendor\cakephp\debug_kit\src\Middleware\DebugKitMiddleware.php(52): Cake\Http\Runner->__invoke(Object(Cake\Http\ServerRequest), Object(Cake\Http\Response))
#13 C:\Program Files (x86)\Ampps\www\jejarigebu\vendor\cakephp\cakephp\src\Http\Runner.php(65): DebugKit\Middleware\DebugKitMiddleware->__invoke(Object(Cake\Http\ServerRequest), Object(Cake\Http\Response), Object(Cake\Http\Runner))
#14 C:\Program Files (x86)\Ampps\www\jejarigebu\vendor\cakephp\cakephp\src\Http\Runner.php(51): Cake\Http\Runner->__invoke(Object(Cake\Http\ServerRequest), Object(Cake\Http\Response))
#15 C:\Program Files (x86)\Ampps\www\jejarigebu\vendor\cakephp\cakephp\src\Http\Server.php(80): Cake\Http\Runner->run(Object(Cake\Http\MiddlewareQueue), Object(Cake\Http\ServerRequest), Object(Cake\Http\Response))
#16 C:\Program Files (x86)\Ampps\www\jejarigebu\webroot\index.php(37): Cake\Http\Server->run()
#17 {main}


